#
# A fatal error has been detected by the Java Runtime Environment:
#
#  SIGSEGV (0xb) at pc=0xb364765d, pid=4310, tid=1803938624
#
# JRE version: Java(TM) SE Runtime Environment (7.0_60-b19) (build 1.7.0_60-b19)
# Java VM: Java HotSpot(TM) Server VM (24.60-b09 mixed mode linux-x86 )
# Problematic frame:
# v  ~BufferBlob::jni_fast_GetLongField
#
# Failed to write core dump. Core dumps have been disabled. To enable core dumping, try "ulimit -c unlimited" before starting Java again
#
# If you would like to submit a bug report, please visit:
#   http://bugreport.sun.com/bugreport/crash.jsp
# The crash happened outside the Java Virtual Machine in native code.
# See problematic frame for where to report the bug.
#

---------------  T H R E A D  ---------------

Current thread (0x6b779800):  JavaThread "AWT-XAWT" daemon [_thread_in_native, id=4328, stack(0x6b80e000,0x6b85f000)]

siginfo:si_signo=SIGSEGV: si_errno=0, si_code=1 (SEGV_MAPERR), si_addr=0x00000000

Registers:
EAX=0x00000000, EBX=0x6b8f9614, ECX=0x0000000a, EDX=0x00000000
ESP=0x6b85dca8, EBP=0x6b85dce8, ESI=0x00000042, EDI=0x6b779930
EIP=0xb364765d, EFLAGS=0x00010246, CR2=0x00000000

Top of Stack: (sp=0x6b85dca8)
0x6b85dca8:   6bd1ea18 6b8cc89d 6b779930 00000000
0x6b85dcb8:   00000042 b775d100 6b700024 6b779930
0x6b85dcc8:   6b85dce8 00000000 b7155284 00010002
0x6b85dcd8:   6b700024 6b6fd000 6bd1ea18 00000000
0x6b85dce8:   6bd1b560 6b629e18 6bd1b560 00000000
0x6b85dcf8:   00000000 b6ae0e8e 6b26f4e0 6c1cc580
0x6b85dd08:   6b629db9 6b6fd000 6bd1a498 00800003
0x6b85dd18:   6b77a390 6b6212e8 6bd1b560 9e43a0e8 

Instructions: (pc=0xb364765d)
0xb364763d:   00 00 00 56 8b 0d 68 69 17 b7 f6 c1 01 0f 85 30
0xb364764d:   00 00 00 8b c1 83 e0 01 8b 54 04 0c 8b 74 24 10
0xb364765d:   8b 12 c1 ee 02 8b 04 32 8b 54 32 04 be 68 69 17
0xb364766d:   b7 33 f2 33 f0 33 f2 33 f0 3b 0e 0f 85 02 00 00 

Register to memory mapping:

EAX=0x00000000 is an unknown value
EBX=0x6b8f9614: <offset 0x49614> in /usr/lib/jvm/java-7-oracle/jre/lib/i386/xawt/libmawt.so at 0x6b8b0000
ECX=0x0000000a is an unknown value
EDX=0x00000000 is an unknown value
ESP=0x6b85dca8 is pointing into the stack for thread: 0x6b779800
EBP=0x6b85dce8 is pointing into the stack for thread: 0x6b779800
ESI=0x00000042 is an unknown value
EDI=0x6b779930 is an unknown value


Stack: [0x6b80e000,0x6b85f000],  sp=0x6b85dca8,  free space=319k
Native frames: (J=compiled Java code, j=interpreted, Vv=VM code, C=native code)
v  ~BufferBlob::jni_fast_GetLongField

Java frames: (J=compiled Java code, j=interpreted, Vv=VM code)
j  sun.awt.X11.XlibWrapper.XFilterEvent(JJ)Z+0
j  sun.awt.X11.XToolkit.run(Z)V+300
j  sun.awt.X11.XToolkit.run()V+5
j  java.lang.Thread.run()V+11
v  ~StubRoutines::call_stub

---------------  P R O C E S S  ---------------

Java Threads: ( => current thread )
  0xb6607400 JavaThread "DestroyJavaVM" [_thread_blocked, id=4314, stack(0xb67ea000,0xb683b000)]
  0x6bd22c00 JavaThread "TimerQueue" daemon [_thread_blocked, id=4331, stack(0x6b409000,0x6b45a000)]
  0x6b794c00 JavaThread "AWT-EventQueue-0" [_thread_blocked, id=4330, stack(0x6b52a000,0x6b57b000)]
  0x6b793800 JavaThread "AWT-Shutdown" [_thread_blocked, id=4329, stack(0x6b57b000,0x6b5cc000)]
=>0x6b779800 JavaThread "AWT-XAWT" daemon [_thread_in_native, id=4328, stack(0x6b80e000,0x6b85f000)]
  0x6b765400 JavaThread "Java2D Disposer" daemon [_thread_blocked, id=4327, stack(0x6b85f000,0x6b8b0000)]
  0x6c1a2400 JavaThread "Service Thread" daemon [_thread_blocked, id=4325, stack(0x6ba2e000,0x6ba7f000)]
  0x6c1a0800 JavaThread "C2 CompilerThread1" daemon [_thread_blocked, id=4324, stack(0x6ba7f000,0x6bb00000)]
  0x6c19e800 JavaThread "C2 CompilerThread0" daemon [_thread_blocked, id=4323, stack(0x6be2e000,0x6beaf000)]
  0x6c19cc00 JavaThread "Signal Dispatcher" daemon [_thread_blocked, id=4322, stack(0x6beaf000,0x6bf00000)]
  0x6c185400 JavaThread "Finalizer" daemon [_thread_blocked, id=4321, stack(0x6c02e000,0x6c07f000)]
  0x6c183c00 JavaThread "Reference Handler" daemon [_thread_blocked, id=4320, stack(0x6eb2e000,0x6eb7f000)]

Other Threads:
  0x6c181000 VMThread [stack: 0x6c07f000,0x6c100000] [id=4319]
  0x6c1a4400 WatcherThread [stack: 0x6b9ad000,0x6ba2e000] [id=4326]

VM state:not at safepoint (normal execution)

VM Mutex/Monitor currently owned by a thread: None

Heap
 PSYoungGen      total 19456K, used 5427K [0x9dfc0000, 0x9f540000, 0xb3540000)
  eden space 16896K, 32% used [0x9dfc0000,0x9e50ce68,0x9f040000)
  from space 2560K, 0% used [0x9f2c0000,0x9f2c0000,0x9f540000)
  to   space 2560K, 0% used [0x9f040000,0x9f040000,0x9f2c0000)
 ParOldGen       total 43520K, used 0K [0x73540000, 0x75fc0000, 0x9dfc0000)
  object space 43520K, 0% used [0x73540000,0x73540000,0x75fc0000)
 PSPermGen       total 16384K, used 7096K [0x6f540000, 0x70540000, 0x73540000)
  object space 16384K, 43% used [0x6f540000,0x6fc2e2c0,0x70540000)

Card table byte_map: [0x6f31f000,0x6f540000] byte_map_base: 0x6efa4600

Polling page: 0xb777f000

Code Cache  [0xb3600000, 0xb3840000, 0xb6600000)
 total_blobs=280 nmethods=49 adapters=185 free_code_cache=48751Kb largest_free_block=49896384

Compilation events (10 events):
Event: 10.212 Thread 0x6c19e800   46             sun.awt.SunToolkit::awtUnlock (7 bytes)
Event: 10.212 Thread 0x6c1a0800   45             sun.awt.SunToolkit::awtLock (7 bytes)
Event: 10.218 Thread 0x6c19e800 nmethod 46 0xb365bb88 code [0xb365bca0, 0xb365bddc]
Event: 10.223 Thread 0x6c1a0800 nmethod 45 0xb365b748 code [0xb365b860, 0xb365b9b0]
Event: 10.353 Thread 0x6c19e800   47             java.util.ArrayList::rangeCheck (22 bytes)
Event: 10.353 Thread 0x6c1a0800   48             java.util.ArrayList::elementData (7 bytes)
Event: 10.354 Thread 0x6c19e800 nmethod 47 0xb36642c8 code [0xb36643c0, 0xb3664410]
Event: 10.354 Thread 0x6c1a0800 nmethod 48 0xb3667648 code [0xb3667740, 0xb36677b0]
Event: 10.428 Thread 0x6c1a0800   49             java.util.ArrayList::get (11 bytes)
Event: 10.430 Thread 0x6c1a0800 nmethod 49 0xb365b4c8 code [0xb365b5c0, 0xb365b650]

GC Heap History (0 events):
No events

Deoptimization events (4 events):
Event: 2.126 Thread 0x6b794c00 Uncommon trap: reason=class_check action=maybe_recompile pc=0xb365424c method=java.lang.String.equals(Ljava/lang/Object;)Z @ 8
Event: 2.126 Thread 0x6b794c00 Uncommon trap: reason=class_check action=maybe_recompile pc=0xb365424c method=java.lang.String.equals(Ljava/lang/Object;)Z @ 8
Event: 4.554 Thread 0x6b794c00 Uncommon trap: reason=class_check action=maybe_recompile pc=0xb365424c method=java.lang.String.equals(Ljava/lang/Object;)Z @ 8
Event: 4.555 Thread 0x6b794c00 Uncommon trap: reason=class_check action=maybe_recompile pc=0xb365424c method=java.lang.String.equals(Ljava/lang/Object;)Z @ 8

Internal exceptions (10 events):
Event: 0.376 Thread 0x6b794c00 Threw 0x9e1dbf80 at /HUDSON/workspace/7u-2-build-linux-i586/jdk7u60/1081/hotspot/src/share/vm/prims/jvm.cpp:1244
Event: 0.376 Thread 0x6b794c00 Threw 0x9e1dc288 at /HUDSON/workspace/7u-2-build-linux-i586/jdk7u60/1081/hotspot/src/share/vm/prims/jvm.cpp:1244
Event: 0.489 Thread 0x6b794c00 Threw 0x9e1dd060 at /HUDSON/workspace/7u-2-build-linux-i586/jdk7u60/1081/hotspot/src/share/vm/prims/jni.cpp:743
Event: 2.760 Thread 0x6b794c00 Threw 0x9e1f7e80 at /HUDSON/workspace/7u-2-build-linux-i586/jdk7u60/1081/hotspot/src/share/vm/prims/jvm.cpp:1244
Event: 2.764 Thread 0x6b794c00 Threw 0x9e1fd878 at /HUDSON/workspace/7u-2-build-linux-i586/jdk7u60/1081/hotspot/src/share/vm/prims/jvm.cpp:1244
Event: 2.769 Thread 0x6b794c00 Threw 0x9e204f68 at /HUDSON/workspace/7u-2-build-linux-i586/jdk7u60/1081/hotspot/src/share/vm/prims/jvm.cpp:1244
Event: 2.770 Thread 0x6b794c00 Threw 0x9e2069a0 at /HUDSON/workspace/7u-2-build-linux-i586/jdk7u60/1081/hotspot/src/share/vm/prims/jvm.cpp:1244
Event: 2.913 Thread 0x6b794c00 Threw 0x9e380ff0 at /HUDSON/workspace/7u-2-build-linux-i586/jdk7u60/1081/hotspot/src/share/vm/prims/jni.cpp:743
Event: 6.958 Thread 0x6b794c00 Threw 0x9e3a1608 at /HUDSON/workspace/7u-2-build-linux-i586/jdk7u60/1081/hotspot/src/share/vm/prims/jvm.cpp:1244
Event: 7.098 Thread 0x6b794c00 Threw 0x9e3c9a10 at /HUDSON/workspace/7u-2-build-linux-i586/jdk7u60/1081/hotspot/src/share/vm/prims/jni.cpp:743

Events (10 events):
Event: 9.205 loading class 0x6c1ef5d0
Event: 9.206 loading class 0x6c1ef5d0 done
Event: 10.215 loading class 0x6c1be9f8
Event: 10.216 loading class 0x6c1be9f8 done
Event: 10.219 loading class 0x6c1a99e0
Event: 10.219 loading class 0x6c1a99e0 done
Event: 10.938 Thread 0xb6607400 Thread exited: 0xb6607400
Event: 10.938 Thread 0xb6607400 Thread added: 0xb6607400
Event: 18.284 loading class 0x6b72ba58
Event: 18.284 loading class 0x6b72ba58 done


Dynamic libraries:
08048000-08049000 r-xp 00000000 08:05 549928     /usr/lib/jvm/java-7-oracle/bin/java
08049000-0804a000 rw-p 00000000 08:05 549928     /usr/lib/jvm/java-7-oracle/bin/java
08f90000-08fd9000 rw-p 00000000 00:00 0          [heap]
6b000000-6b029000 rw-p 00000000 00:00 0 
6b029000-6b100000 ---p 00000000 00:00 0 
6b100000-6b1bd000 rw-p 00000000 00:00 0 
6b1bd000-6b200000 ---p 00000000 00:00 0 
6b200000-6b28e000 rw-p 00000000 00:00 0 
6b28e000-6b300000 ---p 00000000 00:00 0 
6b3b8000-6b3b9000 r--s 00000000 08:05 284775     /var/cache/fontconfig/c05880de57d1f5e948fdfacc138775d9-le32d4.cache-4
6b3b9000-6b3e8000 r--s 00000000 08:05 291058     /var/cache/fontconfig/365b55f210c0a22e9a19e35191240f32-le32d4.cache-4
6b409000-6b40c000 ---p 00000000 00:00 0 
6b40c000-6b45a000 rw-p 00000000 00:00 0          [stack:4331]
6b45a000-6b4ba000 r-xp 00000000 08:05 550160     /usr/lib/jvm/java-7-oracle/jre/lib/i386/libt2k.so
6b4ba000-6b4be000 rw-p 00060000 08:05 550160     /usr/lib/jvm/java-7-oracle/jre/lib/i386/libt2k.so
6b4be000-6b4c2000 rw-p 00000000 00:00 0 
6b4c2000-6b523000 r-xp 00000000 08:05 550149     /usr/lib/jvm/java-7-oracle/jre/lib/i386/libfontmanager.so
6b523000-6b526000 rw-p 00060000 08:05 550149     /usr/lib/jvm/java-7-oracle/jre/lib/i386/libfontmanager.so
6b526000-6b52a000 rw-p 00000000 00:00 0 
6b52a000-6b52d000 ---p 00000000 00:00 0 
6b52d000-6b57b000 rw-p 00000000 00:00 0          [stack:4330]
6b57b000-6b57e000 ---p 00000000 00:00 0 
6b57e000-6b5cc000 rw-p 00000000 00:00 0          [stack:4329]
6b5cc000-6b6fc000 r-xp 00000000 08:05 5322       /usr/lib/i386-linux-gnu/libX11.so.6.3.0
6b6fc000-6b6fd000 r--p 00130000 08:05 5322       /usr/lib/i386-linux-gnu/libX11.so.6.3.0
6b6fd000-6b6ff000 rw-p 00131000 08:05 5322       /usr/lib/i386-linux-gnu/libX11.so.6.3.0
6b6ff000-6b700000 rw-p 00000000 00:00 0 
6b700000-6b800000 rw-p 00000000 00:00 0 
6b800000-6b808000 r--s 00000000 08:05 284769     /var/cache/fontconfig/945677eb7aeaf62f1d50efc3fb3ec7d8-le32d4.cache-4
6b808000-6b80e000 r--s 00000000 08:05 290927     /var/cache/fontconfig/a6d8cf8e4ec09cdbc8633c31745a07dd-le32d4.cache-4
6b80e000-6b811000 ---p 00000000 00:00 0 
6b811000-6b85f000 rw-p 00000000 00:00 0          [stack:4328]
6b85f000-6b862000 ---p 00000000 00:00 0 
6b862000-6b8b0000 rw-p 00000000 00:00 0          [stack:4327]
6b8b0000-6b8f9000 r-xp 00000000 08:05 550158     /usr/lib/jvm/java-7-oracle/jre/lib/i386/xawt/libmawt.so
6b8f9000-6b8fb000 rw-p 00049000 08:05 550158     /usr/lib/jvm/java-7-oracle/jre/lib/i386/xawt/libmawt.so
6b8fb000-6b8fc000 rw-p 00000000 00:00 0 
6b8fc000-6b982000 r-xp 00000000 08:05 550113     /usr/lib/jvm/java-7-oracle/jre/lib/i386/libawt.so
6b982000-6b989000 rw-p 00086000 08:05 550113     /usr/lib/jvm/java-7-oracle/jre/lib/i386/libawt.so
6b989000-6b9ad000 rw-p 00000000 00:00 0 
6b9ad000-6b9ae000 ---p 00000000 00:00 0 
6b9ae000-6ba2e000 rw-p 00000000 00:00 0          [stack:4326]
6ba2e000-6ba31000 ---p 00000000 00:00 0 
6ba31000-6ba7f000 rw-p 00000000 00:00 0          [stack:4325]
6ba7f000-6ba82000 ---p 00000000 00:00 0 
6ba82000-6bb00000 rw-p 00000000 00:00 0          [stack:4324]
6bb00000-6bd00000 r--p 00000000 08:05 7747       /usr/lib/locale/locale-archive
6bd00000-6bd33000 rw-p 00000000 00:00 0 
6bd33000-6be00000 ---p 00000000 00:00 0 
6be00000-6be02000 r--s 00000000 08:05 291057     /var/cache/fontconfig/99e8ed0e538f840c565b6ed5dad60d56-le32d4.cache-4
6be02000-6be06000 r--s 00000000 08:05 284755     /var/cache/fontconfig/2cd17615ca594fa2959ae173292e504c-le32d4.cache-4
6be2e000-6be31000 ---p 00000000 00:00 0 
6be31000-6beaf000 rw-p 00000000 00:00 0          [stack:4323]
6beaf000-6beb2000 ---p 00000000 00:00 0 
6beb2000-6bf00000 rw-p 00000000 00:00 0          [stack:4322]
6bf00000-6bffd000 rw-p 00000000 00:00 0 
6bffd000-6c000000 ---p 00000000 00:00 0 
6c000000-6c005000 r--s 00000000 08:05 284772     /var/cache/fontconfig/a755afe4a08bf5b97852ceb7400b47bc-le32d4.cache-4
6c005000-6c014000 r--s 00000000 08:05 284750     /var/cache/fontconfig/04aabc0a78ac019cf9454389977116d2-le32d4.cache-4
6c02e000-6c031000 ---p 00000000 00:00 0 
6c031000-6c07f000 rw-p 00000000 00:00 0          [stack:4321]
6c07f000-6c080000 ---p 00000000 00:00 0 
6c080000-6c100000 rw-p 00000000 00:00 0          [stack:4319]
6c100000-6c1ff000 rw-p 00000000 00:00 0 
6c1ff000-6c200000 ---p 00000000 00:00 0 
6c200000-6c201000 r--s 00000000 08:05 284785     /var/cache/fontconfig/e7071f4a29fa870f4323321c154eba04-le32d4.cache-4
6c201000-6c3c0000 r--s 039e2000 08:05 550075     /usr/lib/jvm/java-7-oracle/jre/lib/rt.jar
6c3c0000-6ea00000 rw-p 00000000 00:00 0 
6ea00000-6eaf9000 rw-p 00000000 00:00 0 
6eaf9000-6eb00000 ---p 00000000 00:00 0 
6eb00000-6eb01000 r--s 00000000 08:05 284752     /var/cache/fontconfig/0d8c3b2ac0904cb8a57a757ad11a4a08-le32d4.cache-4
6eb01000-6eb04000 r--s 00000000 08:05 299103     /var/cache/fontconfig/6d41288fd70b0be22e8c3a91e032eec0-le32d4.cache-4
6eb04000-6eb05000 r--s 00000000 08:05 284754     /var/cache/fontconfig/1ac9eb803944fde146138c791f5cc56a-le32d4.cache-4
6eb09000-6eb17000 r-xp 00000000 08:05 550170     /usr/lib/jvm/java-7-oracle/jre/lib/i386/libnio.so
6eb17000-6eb18000 rw-p 0000e000 08:05 550170     /usr/lib/jvm/java-7-oracle/jre/lib/i386/libnio.so
6eb18000-6eb2d000 r-xp 00000000 08:05 550118     /usr/lib/jvm/java-7-oracle/jre/lib/i386/libnet.so
6eb2d000-6eb2e000 rw-p 00014000 08:05 550118     /usr/lib/jvm/java-7-oracle/jre/lib/i386/libnet.so
6eb2e000-6eb31000 ---p 00000000 00:00 0 
6eb31000-6eb7f000 rw-p 00000000 00:00 0          [stack:4320]
6eb7f000-6eb80000 ---p 00000000 00:00 0 
6eb80000-6ec00000 rw-p 00000000 00:00 0          [stack:4318]
6ec00000-6ec21000 rw-p 00000000 00:00 0 
6ec21000-6ed00000 ---p 00000000 00:00 0 
6ed00000-6ed03000 r--s 00000000 08:05 284758     /var/cache/fontconfig/385c0604a188198f04d133e54aba7fe7-le32d4.cache-4
6ed03000-6ed07000 r--s 00000000 08:05 284768     /var/cache/fontconfig/8801497958630a81b71ace7c5f9b32a8-le32d4.cache-4
6ed07000-6ed17000 r--s 00000000 08:05 284779     /var/cache/fontconfig/d52a8644073d54c13679302ca1180695-le32d4.cache-4
6ed17000-6ed33000 r-xp 00000000 08:05 842179     /lib/i386-linux-gnu/libgcc_s.so.1
6ed33000-6ed34000 rw-p 0001b000 08:05 842179     /lib/i386-linux-gnu/libgcc_s.so.1
6ed34000-6ed7f000 rw-p 00000000 00:00 0 
6ed7f000-6ed80000 ---p 00000000 00:00 0 
6ed80000-6ee00000 rw-p 00000000 00:00 0          [stack:4317]
6ee00000-6ee21000 rw-p 00000000 00:00 0 
6ee21000-6ef00000 ---p 00000000 00:00 0 
6ef00000-6ef02000 r--s 00000000 08:05 284766     /var/cache/fontconfig/767a8244fc0220cfb567a839d0392e0b-le32d4.cache-4
6ef02000-6ef22000 r-xp 00000000 08:05 6390       /usr/lib/i386-linux-gnu/libxcb.so.1.1.0
6ef22000-6ef23000 r--p 0001f000 08:05 6390       /usr/lib/i386-linux-gnu/libxcb.so.1.1.0
6ef23000-6ef24000 rw-p 00020000 08:05 6390       /usr/lib/i386-linux-gnu/libxcb.so.1.1.0
6ef24000-6ef7f000 rw-p 00000000 00:00 0 
6ef7f000-6ef80000 ---p 00000000 00:00 0 
6ef80000-6f000000 rw-p 00000000 00:00 0          [stack:4316]
6f000000-6f021000 rw-p 00000000 00:00 0 
6f021000-6f100000 ---p 00000000 00:00 0 
6f100000-6f105000 r--s 00000000 08:05 284756     /var/cache/fontconfig/3047814df9a2f067bd2d96a2b9c36e5a-le32d4.cache-4
6f105000-6f109000 r--s 00000000 08:05 284773     /var/cache/fontconfig/b47c4e1ecd0709278f4910c18777a504-le32d4.cache-4
6f109000-6f10d000 r-xp 00000000 08:05 5341       /usr/lib/i386-linux-gnu/libXfixes.so.3.1.0
6f10d000-6f10e000 r--p 00003000 08:05 5341       /usr/lib/i386-linux-gnu/libXfixes.so.3.1.0
6f10e000-6f10f000 rw-p 00004000 08:05 5341       /usr/lib/i386-linux-gnu/libXfixes.so.3.1.0
6f10f000-6f118000 r-xp 00000000 08:05 5333       /usr/lib/i386-linux-gnu/libXcursor.so.1.0.2
6f118000-6f119000 r--p 00008000 08:05 5333       /usr/lib/i386-linux-gnu/libXcursor.so.1.0.2
6f119000-6f11a000 rw-p 00009000 08:05 5333       /usr/lib/i386-linux-gnu/libXcursor.so.1.0.2
6f11a000-6f129000 r-xp 00000000 08:05 5347       /usr/lib/i386-linux-gnu/libXi.so.6.1.0
6f129000-6f12a000 r--p 0000e000 08:05 5347       /usr/lib/i386-linux-gnu/libXi.so.6.1.0
6f12a000-6f12b000 rw-p 0000f000 08:05 5347       /usr/lib/i386-linux-gnu/libXi.so.6.1.0
6f12b000-6f12c000 r--s 00000000 08:05 284782     /var/cache/fontconfig/dc05db6664285cc2f12bf69c139ae4c3-le32d4.cache-4
6f12c000-6f12d000 r--s 00000000 08:05 284760     /var/cache/fontconfig/4794a0821666d79190d59a36cb4f44b5-le32d4.cache-4
6f12d000-6f134000 r--s 00000000 08:05 290921     /var/cache/fontconfig/52f7bdb7ce746bfd7eaa1985bd9cfa93-le32d4.cache-4
6f134000-6f13b000 r--s 00000000 08:05 284759     /var/cache/fontconfig/3f7329c5293ffd510edef78f73874cfd-le32d4.cache-4
6f13b000-6f13e000 r--s 00000000 08:05 284780     /var/cache/fontconfig/d589a48862398ed80a3d6066f4f56f4c-le32d4.cache-4
6f13e000-6f148000 r--s 00000000 08:05 264943     /var/cache/fontconfig/e13b20fdb08344e0e664864cc2ede53d-le32d4.cache-4
6f148000-6f149000 ---p 00000000 00:00 0 
6f149000-6f1df000 rw-p 00000000 00:00 0          [stack:4315]
6f1df000-6f31f000 rw-p 00000000 00:00 0 
6f31f000-6f327000 rw-p 00000000 00:00 0 
6f327000-6f33f000 rw-p 00000000 00:00 0 
6f33f000-6f355000 rw-p 00000000 00:00 0 
6f355000-6f494000 rw-p 00000000 00:00 0 
6f494000-6f49f000 rw-p 00000000 00:00 0 
6f49f000-6f53f000 rw-p 00000000 00:00 0 
6f53f000-70540000 rw-p 00000000 00:00 0 
70540000-73540000 rw-p 00000000 00:00 0 
73540000-75fc0000 rw-p 00000000 00:00 0 
75fc0000-9dfc0000 rw-p 00000000 00:00 0 
9dfc0000-9f540000 rw-p 00000000 00:00 0 
9f540000-b3540000 rw-p 00000000 00:00 0 
b3540000-b3549000 rw-p 00000000 00:00 0 
b3549000-b3600000 rw-p 00000000 00:00 0 
b3600000-b3840000 rwxp 00000000 00:00 0 
b3840000-b66f5000 rw-p 00000000 00:00 0 
b66f5000-b6700000 ---p 00000000 00:00 0 
b6700000-b6703000 r--s 00000000 08:05 299102     /var/cache/fontconfig/7ef2298fde41cc6eeb7af42e48b7d293-le32d4.cache-4
b6703000-b6708000 r-xp 00000000 08:05 5337       /usr/lib/i386-linux-gnu/libXdmcp.so.6.0.0
b6708000-b6709000 r--p 00004000 08:05 5337       /usr/lib/i386-linux-gnu/libXdmcp.so.6.0.0
b6709000-b670a000 rw-p 00005000 08:05 5337       /usr/lib/i386-linux-gnu/libXdmcp.so.6.0.0
b670a000-b670f000 r-xp 00000000 08:05 5367       /usr/lib/i386-linux-gnu/libXtst.so.6.1.0
b670f000-b6710000 r--p 00004000 08:05 5367       /usr/lib/i386-linux-gnu/libXtst.so.6.1.0
b6710000-b6711000 rw-p 00005000 08:05 5367       /usr/lib/i386-linux-gnu/libXtst.so.6.1.0
b6711000-b671a000 r-xp 00000000 08:05 5361       /usr/lib/i386-linux-gnu/libXrender.so.1.3.0
b671a000-b671b000 r--p 00008000 08:05 5361       /usr/lib/i386-linux-gnu/libXrender.so.1.3.0
b671b000-b671c000 rw-p 00009000 08:05 5361       /usr/lib/i386-linux-gnu/libXrender.so.1.3.0
b671c000-b673e000 rw-p 00000000 00:00 0 
b673e000-b6756000 rw-p 00000000 00:00 0 
b6756000-b676d000 r-xp 00000000 08:05 550110     /usr/lib/jvm/java-7-oracle/jre/lib/i386/libzip.so
b676d000-b676e000 rw-p 00017000 08:05 550110     /usr/lib/jvm/java-7-oracle/jre/lib/i386/libzip.so
b676e000-b6779000 r-xp 00000000 08:05 842198     /lib/i386-linux-gnu/libnss_files-2.19.so
b6779000-b677a000 r--p 0000a000 08:05 842198     /lib/i386-linux-gnu/libnss_files-2.19.so
b677a000-b677b000 rw-p 0000b000 08:05 842198     /lib/i386-linux-gnu/libnss_files-2.19.so
b677b000-b6785000 r-xp 00000000 08:05 842184     /lib/i386-linux-gnu/libnss_nis-2.19.so
b6785000-b6786000 r--p 00009000 08:05 842184     /lib/i386-linux-gnu/libnss_nis-2.19.so
b6786000-b6787000 rw-p 0000a000 08:05 842184     /lib/i386-linux-gnu/libnss_nis-2.19.so
b6787000-b679c000 r-xp 00000000 08:05 842185     /lib/i386-linux-gnu/libnsl-2.19.so
b679c000-b679d000 r--p 00015000 08:05 842185     /lib/i386-linux-gnu/libnsl-2.19.so
b679d000-b679e000 rw-p 00016000 08:05 842185     /lib/i386-linux-gnu/libnsl-2.19.so
b679e000-b67a0000 rw-p 00000000 00:00 0 
b67a0000-b67a1000 r--s 00000000 08:05 284762     /var/cache/fontconfig/56cf4f4769d0f4abc89a4895d7bd3ae1-le32d4.cache-4
b67a1000-b67a2000 r--s 00000000 08:05 284774     /var/cache/fontconfig/b9d506c9ac06c20b433354fa67a72993-le32d4.cache-4
b67a2000-b67b3000 r-xp 00000000 08:05 5339       /usr/lib/i386-linux-gnu/libXext.so.6.4.0
b67b3000-b67b4000 r--p 00010000 08:05 5339       /usr/lib/i386-linux-gnu/libXext.so.6.4.0
b67b4000-b67b5000 rw-p 00011000 08:05 5339       /usr/lib/i386-linux-gnu/libXext.so.6.4.0
b67b5000-b67bd000 rw-s 00000000 08:05 4030       /tmp/hsperfdata_johnson3yo/4310
b67bd000-b67e0000 r-xp 00000000 08:05 550137     /usr/lib/jvm/java-7-oracle/jre/lib/i386/libjava.so
b67e0000-b67e1000 rw-p 00023000 08:05 550137     /usr/lib/jvm/java-7-oracle/jre/lib/i386/libjava.so
b67e1000-b67e8000 r-xp 00000000 08:05 842199     /lib/i386-linux-gnu/librt-2.19.so
b67e8000-b67e9000 r--p 00006000 08:05 842199     /lib/i386-linux-gnu/librt-2.19.so
b67e9000-b67ea000 rw-p 00007000 08:05 842199     /lib/i386-linux-gnu/librt-2.19.so
b67ea000-b67ed000 ---p 00000000 00:00 0 
b67ed000-b683b000 rw-p 00000000 00:00 0          [stack:4314]
b683b000-b687f000 r-xp 00000000 08:05 842189     /lib/i386-linux-gnu/libm-2.19.so
b687f000-b6880000 r--p 00043000 08:05 842189     /lib/i386-linux-gnu/libm-2.19.so
b6880000-b6881000 rw-p 00044000 08:05 842189     /lib/i386-linux-gnu/libm-2.19.so
b6881000-b7103000 r-xp 00000000 08:05 550106     /usr/lib/jvm/java-7-oracle/jre/lib/i386/server/libjvm.so
b7103000-b7167000 rw-p 00882000 08:05 550106     /usr/lib/jvm/java-7-oracle/jre/lib/i386/server/libjvm.so
b7167000-b758b000 rw-p 00000000 00:00 0 
b758b000-b7733000 r-xp 00000000 08:05 842181     /lib/i386-linux-gnu/libc-2.19.so
b7733000-b7735000 r--p 001a8000 08:05 842181     /lib/i386-linux-gnu/libc-2.19.so
b7735000-b7736000 rw-p 001aa000 08:05 842181     /lib/i386-linux-gnu/libc-2.19.so
b7736000-b7739000 rw-p 00000000 00:00 0 
b7739000-b773c000 r-xp 00000000 08:05 842182     /lib/i386-linux-gnu/libdl-2.19.so
b773c000-b773d000 r--p 00002000 08:05 842182     /lib/i386-linux-gnu/libdl-2.19.so
b773d000-b773e000 rw-p 00003000 08:05 842182     /lib/i386-linux-gnu/libdl-2.19.so
b773e000-b7751000 r-xp 00000000 08:05 403748     /usr/lib/jvm/java-7-oracle/lib/i386/jli/libjli.so
b7751000-b7752000 rw-p 00012000 08:05 403748     /usr/lib/jvm/java-7-oracle/lib/i386/jli/libjli.so
b7752000-b7753000 rw-p 00000000 00:00 0 
b7753000-b776b000 r-xp 00000000 08:05 842194     /lib/i386-linux-gnu/libpthread-2.19.so
b776b000-b776c000 r--p 00018000 08:05 842194     /lib/i386-linux-gnu/libpthread-2.19.so
b776c000-b776d000 rw-p 00019000 08:05 842194     /lib/i386-linux-gnu/libpthread-2.19.so
b776d000-b776f000 rw-p 00000000 00:00 0 
b776f000-b7770000 r--s 00000000 08:05 284751     /var/cache/fontconfig/0c9eb80ebd1c36541ebe2852d3bb0c49-le32d4.cache-4
b7770000-b7772000 r-xp 00000000 08:05 5326       /usr/lib/i386-linux-gnu/libXau.so.6.0.0
b7772000-b7773000 r--p 00001000 08:05 5326       /usr/lib/i386-linux-gnu/libXau.so.6.0.0
b7773000-b7774000 rw-p 00002000 08:05 5326       /usr/lib/i386-linux-gnu/libXau.so.6.0.0
b7774000-b7775000 r--p 00855000 08:05 7747       /usr/lib/locale/locale-archive
b7775000-b777c000 r-xp 00000000 08:05 842190     /lib/i386-linux-gnu/libnss_compat-2.19.so
b777c000-b777d000 r--p 00006000 08:05 842190     /lib/i386-linux-gnu/libnss_compat-2.19.so
b777d000-b777e000 rw-p 00007000 08:05 842190     /lib/i386-linux-gnu/libnss_compat-2.19.so
b777e000-b777f000 rw-p 00000000 00:00 0 
b777f000-b7780000 r--p 00000000 00:00 0 
b7780000-b778b000 r-xp 00000000 08:05 550135     /usr/lib/jvm/java-7-oracle/jre/lib/i386/libverify.so
b778b000-b778c000 rw-p 0000b000 08:05 550135     /usr/lib/jvm/java-7-oracle/jre/lib/i386/libverify.so
b778c000-b778e000 rw-p 00000000 00:00 0 
b778e000-b778f000 r-xp 00000000 00:00 0          [vdso]
b778f000-b77af000 r-xp 00000000 08:05 842183     /lib/i386-linux-gnu/ld-2.19.so
b77af000-b77b0000 r--p 0001f000 08:05 842183     /lib/i386-linux-gnu/ld-2.19.so
b77b0000-b77b1000 rw-p 00020000 08:05 842183     /lib/i386-linux-gnu/ld-2.19.so
bff0c000-bff0d000 rwxp 00000000 00:00 0 
bff3f000-bff60000 rw-p 00000000 00:00 0          [stack]

VM Arguments:
jvm_args: -Dfile.encoding=UTF-8 
java_command: proj.LaunchScreen
Launcher Type: SUN_STANDARD

Environment Variables:
JAVA_HOME=/usr/lib/jvm/java-7-oracle
PATH=/usr/local/sbin:/usr/local/bin:/usr/sbin:/usr/bin:/sbin:/bin:/usr/games:/usr/local/games:/home/johnson3yo/bin:/usr/lib/jvm/java-7-oracle/bin:/home/johnson3yo/bin:/usr/share/maven/bin:/home/johnson3yo/bin:/media/usl/u01/product/11.2.0/dbhome_1/bin
LD_LIBRARY_PATH=/usr/lib/jvm/java-7-oracle/jre/lib/amd64:/usr/lib/jvm/java-7-oracle/jre/lib/i386:
SHELL=/bin/bash
DISPLAY=:0

Signal Handlers:
SIGSEGV: [libjvm.so+0x7e7300], sa_mask[0]=0x7ffbfeff, sa_flags=0x10000004
SIGBUS: [libjvm.so+0x7e7300], sa_mask[0]=0x7ffbfeff, sa_flags=0x10000004
SIGFPE: [libjvm.so+0x6816f0], sa_mask[0]=0x7ffbfeff, sa_flags=0x10000004
SIGPIPE: [libjvm.so+0x6816f0], sa_mask[0]=0x7ffbfeff, sa_flags=0x10000004
SIGXFSZ: [libjvm.so+0x6816f0], sa_mask[0]=0x7ffbfeff, sa_flags=0x10000004
SIGILL: [libjvm.so+0x6816f0], sa_mask[0]=0x7ffbfeff, sa_flags=0x10000004
SIGUSR1: SIG_DFL, sa_mask[0]=0x00000000, sa_flags=0x00000000
SIGUSR2: [libjvm.so+0x682ef0], sa_mask[0]=0x00000004, sa_flags=0x10000004
SIGHUP: [libjvm.so+0x6841f0], sa_mask[0]=0x7ffbfeff, sa_flags=0x10000004
SIGINT: SIG_IGN, sa_mask[0]=0x00000000, sa_flags=0x00000000
SIGTERM: [libjvm.so+0x6841f0], sa_mask[0]=0x7ffbfeff, sa_flags=0x10000004
SIGQUIT: [libjvm.so+0x6841f0], sa_mask[0]=0x7ffbfeff, sa_flags=0x10000004


---------------  S Y S T E M  ---------------

OS:jessie/sid

uname:Linux 3.13.0-27-generic #50-Ubuntu SMP Thu May 15 18:08:16 UTC 2014 i686
libc:glibc 2.19 NPTL 2.19 
rlimit: STACK 8192k, CORE 0k, NPROC 46734, NOFILE 4096, AS infinity
load average:0.17 0.24 0.25

/proc/meminfo:
MemTotal:        6001096 kB
MemFree:         4814032 kB
Buffers:          214888 kB
Cached:           712264 kB
SwapCached:            0 kB
Active:           390132 kB
Inactive:         712088 kB
Active(anon):     176012 kB
Inactive(anon):    74644 kB
Active(file):     214120 kB
Inactive(file):   637444 kB
Unevictable:         136 kB
Mlocked:             136 kB
HighTotal:       5171464 kB
HighFree:        4331780 kB
LowTotal:         829632 kB
LowFree:          482252 kB
SwapTotal:        498684 kB
SwapFree:         498684 kB
Dirty:               292 kB
Writeback:             0 kB
AnonPages:        173980 kB
Mapped:            80284 kB
Shmem:             76356 kB
Slab:              60168 kB
SReclaimable:      39268 kB
SUnreclaim:        20900 kB
KernelStack:        2528 kB
PageTables:         3056 kB
NFS_Unstable:          0 kB
Bounce:                0 kB
WritebackTmp:          0 kB
CommitLimit:     3499232 kB
Committed_AS:    1253140 kB
VmallocTotal:     122880 kB
VmallocUsed:       16004 kB
VmallocChunk:      97308 kB
HardwareCorrupted:     0 kB
AnonHugePages:    264192 kB
HugePages_Total:       0
HugePages_Free:        0
HugePages_Rsvd:        0
HugePages_Surp:        0
Hugepagesize:       2048 kB
DirectMap4k:       40952 kB
DirectMap2M:      872448 kB


CPU:total 4 (2 cores per cpu, 2 threads per core) family 6 model 37 stepping 5, cmov, cx8, fxsr, mmx, sse, sse2, sse3, ssse3, sse4.1, sse4.2, popcnt, ht, tsc, tscinvbit

/proc/cpuinfo:
processor	: 0
vendor_id	: GenuineIntel
cpu family	: 6
model		: 37
model name	: Intel(R) Core(TM) i3 CPU       M 380  @ 2.53GHz
stepping	: 5
microcode	: 0x2
cpu MHz		: 2533.000
cache size	: 3072 KB
physical id	: 0
siblings	: 4
core id		: 0
cpu cores	: 2
apicid		: 0
initial apicid	: 0
fdiv_bug	: no
f00f_bug	: no
coma_bug	: no
fpu		: yes
fpu_exception	: yes
cpuid level	: 11
wp		: yes
flags		: fpu vme de pse tsc msr pae mce cx8 apic sep mtrr pge mca cmov pat pse36 clflush dts acpi mmx fxsr sse sse2 ss ht tm pbe nx rdtscp lm constant_tsc arch_perfmon pebs bts xtopology nonstop_tsc aperfmperf pni dtes64 monitor ds_cpl vmx est tm2 ssse3 cx16 xtpr pdcm pcid sse4_1 sse4_2 popcnt lahf_lm arat dtherm tpr_shadow vnmi flexpriority ept vpid
bogomips	: 5053.99
clflush size	: 64
cache_alignment	: 64
address sizes	: 36 bits physical, 48 bits virtual
power management:

processor	: 1
vendor_id	: GenuineIntel
cpu family	: 6
model		: 37
model name	: Intel(R) Core(TM) i3 CPU       M 380  @ 2.53GHz
stepping	: 5
microcode	: 0x2
cpu MHz		: 2533.000
cache size	: 3072 KB
physical id	: 0
siblings	: 4
core id		: 0
cpu cores	: 2
apicid		: 1
initial apicid	: 1
fdiv_bug	: no
f00f_bug	: no
coma_bug	: no
fpu		: yes
fpu_exception	: yes
cpuid level	: 11
wp		: yes
flags		: fpu vme de pse tsc msr pae mce cx8 apic sep mtrr pge mca cmov pat pse36 clflush dts acpi mmx fxsr sse sse2 ss ht tm pbe nx rdtscp lm constant_tsc arch_perfmon pebs bts xtopology nonstop_tsc aperfmperf pni dtes64 monitor ds_cpl vmx est tm2 ssse3 cx16 xtpr pdcm pcid sse4_1 sse4_2 popcnt lahf_lm arat dtherm tpr_shadow vnmi flexpriority ept vpid
bogomips	: 5053.99
clflush size	: 64
cache_alignment	: 64
address sizes	: 36 bits physical, 48 bits virtual
power management:

processor	: 2
vendor_id	: GenuineIntel
cpu family	: 6
model		: 37
model name	: Intel(R) Core(TM) i3 CPU       M 380  @ 2.53GHz
stepping	: 5
microcode	: 0x2
cpu MHz		: 2533.000
cache size	: 3072 KB
physical id	: 0
siblings	: 4
core id		: 2
cpu cores	: 2
apicid		: 4
initial apicid	: 4
fdiv_bug	: no
f00f_bug	: no
coma_bug	: no
fpu		: yes
fpu_exception	: yes
cpuid level	: 11
wp		: yes
flags		: fpu vme de pse tsc msr pae mce cx8 apic sep mtrr pge mca cmov pat pse36 clflush dts acpi mmx fxsr sse sse2 ss ht tm pbe nx rdtscp lm constant_tsc arch_perfmon pebs bts xtopology nonstop_tsc aperfmperf pni dtes64 monitor ds_cpl vmx est tm2 ssse3 cx16 xtpr pdcm pcid sse4_1 sse4_2 popcnt lahf_lm arat dtherm tpr_shadow vnmi flexpriority ept vpid
bogomips	: 5053.99
clflush size	: 64
cache_alignment	: 64
address sizes	: 36 bits physical, 48 bits virtual
power management:

processor	: 3
vendor_id	: GenuineIntel
cpu family	: 6
model		: 37
model name	: Intel(R) Core(TM) i3 CPU       M 380  @ 2.53GHz
stepping	: 5
microcode	: 0x2
cpu MHz		: 2533.000
cache size	: 3072 KB
physical id	: 0
siblings	: 4
core id		: 2
cpu cores	: 2
apicid		: 5
initial apicid	: 5
fdiv_bug	: no
f00f_bug	: no
coma_bug	: no
fpu		: yes
fpu_exception	: yes
cpuid level	: 11
wp		: yes
flags		: fpu vme de pse tsc msr pae mce cx8 apic sep mtrr pge mca cmov pat pse36 clflush dts acpi mmx fxsr sse sse2 ss ht tm pbe nx rdtscp lm constant_tsc arch_perfmon pebs bts xtopology nonstop_tsc aperfmperf pni dtes64 monitor ds_cpl vmx est tm2 ssse3 cx16 xtpr pdcm pcid sse4_1 sse4_2 popcnt lahf_lm arat dtherm tpr_shadow vnmi flexpriority ept vpid
bogomips	: 5053.99
clflush size	: 64
cache_alignment	: 64
address sizes	: 36 bits physical, 48 bits virtual
power management:



Memory: 4k page, physical 6001096k(4814032k free), swap 498684k(498684k free)

vm_info: Java HotSpot(TM) Server VM (24.60-b09) for linux-x86 JRE (1.7.0_60-b19), built on May  7 2014 13:42:18 by "java_re" with gcc 4.3.0 20080428 (Red Hat 4.3.0-8)

time: Sat Nov  7 20:26:30 2015
elapsed time: 18 seconds

